{"type":"server-started","port":63503,"host":"127.0.0.1","url_host":"localhost","url":"http://localhost:63503","screen_dir":"/home/binoui/Projects/SlopArena/.superpowers/brainstorm/1813495-1783609101/content","state_dir":"/home/binoui/Projects/SlopArena/.superpowers/brainstorm/1813495-1783609101/state"}
{"type":"screen-added","file":"/home/binoui/Projects/SlopArena/.superpowers/brainstorm/1813495-1783609101/content/menu-flow.html"}
{"source":"user-event","type":"click","text":"B\n    \n      Lobby First\n      Main Menu → Lobby → (everyone picks char) → Stage vote → Match\n      Multiplayer-native: char select happens inside the lobby after connection, so both clients are synced before the match loads. More setup for training mode.","choice":"b","id":null,"timestamp":1783609175479}
{"type":"screen-added","file":"/home/binoui/Projects/SlopArena/.superpowers/brainstorm/1813495-1783609101/content/waiting.html"}
{"type":"screen-added","file":"/home/binoui/Projects/SlopArena/.superpowers/brainstorm/1813495-1783609101/content/char-select-layout.html"}
{"source":"user-event","type":"click","text":"MANKI\n        \n        \n          \n          BUNNY\n        \n        \n          \n          ???\n        \n        \n          \n          ???\n        \n        \n          \n          ???\n        \n      \n      \n      \n        \n        \n          MANKI\n          Q · W · E · Rabilities listed here\n        \n      \n    \n    \n      Row + Preview Panel\n      All 5 chars in a top row. Clicking one expands a panel below showing name, portrait, and ability slots. Classic Smash / DKO style.","choice":"a","id":null,"timestamp":1783609532818}
{"type":"screen-added","file":"/home/binoui/Projects/SlopArena/.superpowers/brainstorm/1813495-1783609101/content/char-select-style.html"}
{"source":"user-event","type":"click","text":"P1\n          \n          \n          MANKI\n        \n        \n          \n          BUNNY\n        \n        \n          ?\n        \n        \n          ?\n        \n        \n          ?\n        \n      \n\n      \n      \n        \n        \n          \n            \n          \n          \n            3D PREVIEW\n          \n        \n        \n        \n          \n            MANKI\n            Fast striker · Close range\n          \n          Aggressive brawler with explosive close-range tools. Excels at edgeguarding.\n          \n            \n              Q\n              Grapple — grab & throw\n            \n            \n              E\n              Aerosol — flame cone\n            \n            \n              R\n              Bazooka — aim & fire\n            \n            \n              F\n              Combo strike\n            \n          \n        \n      \n\n    \n    \n      Tall — grid + full preview\n      Taller bottom panel. 3D model gets more vertical space, abilities stack with one-line descriptions. Feels more like a character bio.","choice":"b","id":null,"timestamp":1783609648897}
{"type":"screen-added","file":"/home/binoui/Projects/SlopArena/.superpowers/brainstorm/1813495-1783609101/content/char-select-fullwidth.html"}
{"source":"user-event","type":"click","text":"P1\n          \n          MANKI\n        \n        \n          \n          BUNNY\n        \n        ?\n        ?\n        ?\n      \n\n      \n      \n        \n        \n          \n            \n          \n          3D\n        \n        \n        \n          MANKI\n          Aggressive brawler · Close range\n          \n            \n              Q\n              Grapple\n            \n            \n              W\n              Mine\n            \n            \n              E\n              Aerosol\n            \n            \n              R\n              Bazooka\n            \n          \n        \n      \n\n    \n    \n      Model left · Info right\n      3D model anchored to the left of the full-width panel. Name + 2×2 ability grid fills the rest. Clean split.","choice":"a","id":null,"timestamp":1783609835986}
{"type":"screen-added","file":"/home/binoui/Projects/SlopArena/.superpowers/brainstorm/1813495-1783609101/content/char-select-vertical.html"}
{"type":"screen-added","file":"/home/binoui/Projects/SlopArena/.superpowers/brainstorm/1813495-1783609101/content/char-select-2panel.html"}
{"type":"screen-added","file":"/home/binoui/Projects/SlopArena/.superpowers/brainstorm/1813495-1783609101/content/waiting-2.html"}
{"type":"screen-added","file":"/home/binoui/Projects/SlopArena/.superpowers/brainstorm/1813495-1783609101/content/stage-select.html"}
{"type":"screen-added","file":"/home/binoui/Projects/SlopArena/.superpowers/brainstorm/1813495-1783609101/content/waiting-3.html"}
{"type":"screen-added","file":"/home/binoui/Projects/SlopArena/.superpowers/brainstorm/1813495-1783609101/content/main-menu.html"}
{"source":"user-event","type":"click","text":"SLOPARENA\n      \n        TRAINING\n        MULTIPLAYER\n      \n      v0.1 DEMO\n    \n    \n      Minimal vertical stack\n      Logo top, two big buttons below. Multiplayer expands in-place to show Host / Join sub-buttons.","choice":"a","id":null,"timestamp":1783611568051}
{"source":"user-event","type":"click","text":"SLOPARENA\n      \n      \n        TRAINING MODE\n        MULTIPLAYER ›\n      \n      \n      \n        HOST GAME\n        JOIN GAME\n      \n    \n    \n      Nested list with submenu\n      Multiplayer expands in-place to reveal Host / Join indented below it. Keyboard/controller-friendly, classic menu feel.","choice":"c","id":null,"timestamp":1783611580542}
{"type":"screen-added","file":"/home/binoui/Projects/SlopArena/.superpowers/brainstorm/1813495-1783609101/content/waiting-4.html"}
{"type":"screen-added","file":"/home/binoui/Projects/SlopArena/.superpowers/brainstorm/1813495-1783609101/content/waiting-5.html"}
{"type":"server-stopped","reason":"idle timeout"}
